java.lang.Throwable:
ast.ASTPrinter.lambda$visit$10(ASTPrinter.java:123)
ast.ASTPrinter.insideOf(ASTPrinter.java:17)
ast.ASTPrinter.visit(ASTPrinter.java:52)
ast.ASTPrinter.lambda$visit$6(ASTPrinter.java:116)
ast.ASTPrinter.withSeparation(ASTPrinter.java:29)
ast.ASTPrinter.lambda$visit$10(ASTPrinter.java:115)
ast.ASTPrinter.insideOf(ASTPrinter.java:17)
ast.ASTPrinter.visit(ASTPrinter.java:52)
ast.ASTPrinter.lambda$visit$8(ASTPrinter.java:124)
ast.ASTPrinter.withSeparation(ASTPrinter.java:29)
ast.ASTPrinter.lambda$visit$10(ASTPrinter.java:123)
ast.ASTPrinter.insideOf(ASTPrinter.java:17)
ast.ASTPrinter.visit(ASTPrinter.java:52)
ast.ASTPrinter.lambda$visit$8(ASTPrinter.java:124)
ast.ASTPrinter.withSeparation(ASTPrinter.java:29)
ast.ASTPrinter.lambda$visit$10(ASTPrinter.java:123)
ast.ASTPrinter.insideOf(ASTPrinter.java:17)
ast.ASTPrinter.visit(ASTPrinter.java:52)
ast.ASTPrinter.lambda$visit$4(ASTPrinter.java:82)
ast.ASTPrinter.withSeparation(ASTPrinter.java:29)
ast.ASTPrinter.lambda$visit$10(ASTPrinter.java:80)
ast.ASTPrinter.insideOf(ASTPrinter.java:17)
ast.ASTPrinter.visit(ASTPrinter.java:52)
ast.ASTPrinter.lambda$visit$0(ASTPrinter.java:57)
ast.ASTPrinter.withSeparation(ASTPrinter.java:29)
ast.ASTPrinter.lambda$visit$10(ASTPrinter.java:56)
ast.ASTPrinter.insideOf(ASTPrinter.java:17)
ast.ASTPrinter.visit(ASTPrinter.java:52)
Main2.compile(Main2.java:163)
Main2.main(Main2.java:62)
